[31May2024 21:26:33.773] [main/INFO] [cpw.mods.modlauncher.Launcher/MODLAUNCHER]: ModLauncher running: args [--username, cadito54, --version, 1.20.1, --gameDir, C:/Users/groma/AppData/Roaming/PrismLauncher/instances/1.20-update-cardboard/minecraft, --assetsDir, C:/Users/groma/AppData/Roaming/PrismLauncher/assets, --assetIndex, 5, --uuid, 062943dfc7814cf6b55374f17b29e524, --accessToken, ????????, --userType, msa, --versionType, release, --launchTarget, forgeclient, --fml.forgeVersion, 47.1.106, --fml.fmlVersion, 47.2.2, --fml.mcVersion, 1.20.1, --fml.mcpVersion, 20230612.114412, --width, 854, --height, 480]
[31May2024 21:26:33.779] [main/INFO] [cpw.mods.modlauncher.Launcher/MODLAUNCHER]: ModLauncher 10.0.9+10.0.9+main.dcd20f30 starting: java version 17.0.6 by Oracle Corporation; OS Windows 11 arch amd64 version 10.0
[31May2024 21:26:34.443] [main/INFO] [net.minecraftforge.fml.loading.ImmediateWindowHandler/]: Loading ImmediateWindowProvider fmlearlywindow
[31May2024 21:26:34.530] [main/INFO] [EARLYDISPLAY/]: Trying GL version 4.6
[31May2024 21:26:34.789] [main/INFO] [EARLYDISPLAY/]: Requested GL version 4.6 got version 4.6
[31May2024 21:26:34.941] [main/INFO] [mixin/]: SpongePowered MIXIN Subsystem Version=0.8.5 Source=union:/C:/Users/groma/AppData/Roaming/PrismLauncher/libraries/org/spongepowered/mixin/0.8.5/mixin-0.8.5.jar%23152!/ Service=ModLauncher Env=CLIENT
[31May2024 21:26:35.036] [pool-2-thread-1/INFO] [EARLYDISPLAY/]: GL info: NVIDIA GeForce RTX 2070 SUPER/PCIe/SSE2 GL version 4.6.0 NVIDIA 552.44, NVIDIA Corporation
[31May2024 21:26:35.245] [main/INFO] [net.minecraftforge.fml.loading.moddiscovery.ModDiscoverer/SCAN]: Found mod file "architectury-9.2.14-forge.jar" of type MOD with provider {mods folder locator at C:\Users\groma\AppData\Roaming\PrismLauncher\instances\1.20-update-cardboard\minecraft\mods}
[31May2024 21:26:35.245] [main/INFO] [net.minecraftforge.fml.loading.moddiscovery.ModDiscoverer/SCAN]: Found mod file "configured-forge-1.20.1-2.2.3.jar" of type MOD with provider {mods folder locator at C:\Users\groma\AppData\Roaming\PrismLauncher\instances\1.20-update-cardboard\minecraft\mods}
[31May2024 21:26:35.245] [main/INFO] [net.minecraftforge.fml.loading.moddiscovery.ModDiscoverer/SCAN]: Found mod file "Controlling-forge-1.20.1-12.0.2.jar" of type MOD with provider {mods folder locator at C:\Users\groma\AppData\Roaming\PrismLauncher\instances\1.20-update-cardboard\minecraft\mods}
[31May2024 21:26:35.245] [main/INFO] [net.minecraftforge.fml.loading.moddiscovery.ModDiscoverer/SCAN]: Found mod file "create-1.20.1-0.5.1.f.jar" of type MOD with provider {mods folder locator at C:\Users\groma\AppData\Roaming\PrismLauncher\instances\1.20-update-cardboard\minecraft\mods}
[31May2024 21:26:35.245] [main/INFO] [net.minecraftforge.fml.loading.moddiscovery.ModDiscoverer/SCAN]: Found mod file "CreativeCore_FORGE_v2.11.30_mc1.20.1.jar" of type MOD with provider {mods folder locator at C:\Users\groma\AppData\Roaming\PrismLauncher\instances\1.20-update-cardboard\minecraft\mods}
[31May2024 21:26:35.245] [main/INFO] [net.minecraftforge.fml.loading.moddiscovery.ModDiscoverer/SCAN]: Found mod file "CutThrough-v8.0.2-1.20.1-Forge.jar" of type MOD with provider {mods folder locator at C:\Users\groma\AppData\Roaming\PrismLauncher\instances\1.20-update-cardboard\minecraft\mods}
[31May2024 21:26:35.246] [main/INFO] [net.minecraftforge.fml.loading.moddiscovery.ModDiscoverer/SCAN]: Found mod file "embeddium-0.3.19+mc1.20.1-all.jar" of type MOD with provider {mods folder locator at C:\Users\groma\AppData\Roaming\PrismLauncher\instances\1.20-update-cardboard\minecraft\mods}
[31May2024 21:26:35.246] [main/INFO] [net.minecraftforge.fml.loading.moddiscovery.ModDiscoverer/SCAN]: Found mod file "Fastload-Reforged-mc1.20.1-3.4.0.jar" of type MOD with provider {mods folder locator at C:\Users\groma\AppData\Roaming\PrismLauncher\instances\1.20-update-cardboard\minecraft\mods}
[31May2024 21:26:35.246] [main/INFO] [net.minecraftforge.fml.loading.moddiscovery.ModDiscoverer/SCAN]: Found mod file "ferritecore-6.0.1-forge.jar" of type MOD with provider {mods folder locator at C:\Users\groma\AppData\Roaming\PrismLauncher\instances\1.20-update-cardboard\minecraft\mods}
[31May2024 21:26:35.246] [main/INFO] [net.minecraftforge.fml.loading.moddiscovery.ModDiscoverer/SCAN]: Found mod file "gravestone-forge-1.20.1-1.0.15.jar" of type MOD with provider {mods folder locator at C:\Users\groma\AppData\Roaming\PrismLauncher\instances\1.20-update-cardboard\minecraft\mods}
[31May2024 21:26:35.246] [main/INFO] [net.minecraftforge.fml.loading.moddiscovery.ModDiscoverer/SCAN]: Found mod file "Jade-1.20.1-forge-11.9.2.jar" of type MOD with provider {mods folder locator at C:\Users\groma\AppData\Roaming\PrismLauncher\instances\1.20-update-cardboard\minecraft\mods}
[31May2024 21:26:35.246] [main/INFO] [net.minecraftforge.fml.loading.moddiscovery.ModDiscoverer/SCAN]: Found mod file "jei-1.20.1-forge-15.3.0.4.jar" of type MOD with provider {mods folder locator at C:\Users\groma\AppData\Roaming\PrismLauncher\instances\1.20-update-cardboard\minecraft\mods}
[31May2024 21:26:35.246] [main/INFO] [net.minecraftforge.fml.loading.moddiscovery.ModDiscoverer/SCAN]: Found mod file "kubejs-create-forge-2001.2.5-build.2.jar" of type MOD with provider {mods folder locator at C:\Users\groma\AppData\Roaming\PrismLauncher\instances\1.20-update-cardboard\minecraft\mods}
[31May2024 21:26:35.246] [main/INFO] [net.minecraftforge.fml.loading.moddiscovery.ModDiscoverer/SCAN]: Found mod file "kubejs-forge-2001.6.5-build.7.jar" of type MOD with provider {mods folder locator at C:\Users\groma\AppData\Roaming\PrismLauncher\instances\1.20-update-cardboard\minecraft\mods}
[31May2024 21:26:35.247] [main/INFO] [net.minecraftforge.fml.loading.moddiscovery.ModDiscoverer/SCAN]: Found mod file "MouseTweaks-forge-mc1.20.1-2.25.1.jar" of type MOD with provider {mods folder locator at C:\Users\groma\AppData\Roaming\PrismLauncher\instances\1.20-update-cardboard\minecraft\mods}
[31May2024 21:26:35.247] [main/INFO] [net.minecraftforge.fml.loading.moddiscovery.ModDiscoverer/SCAN]: Found mod file "MyServerIsCompatible-1.20-1.0.jar" of type MOD with provider {mods folder locator at C:\Users\groma\AppData\Roaming\PrismLauncher\instances\1.20-update-cardboard\minecraft\mods}
[31May2024 21:26:35.247] [main/INFO] [net.minecraftforge.fml.loading.moddiscovery.ModDiscoverer/SCAN]: Found mod file "oculus-mc1.20.1-1.7.0.jar" of type MOD with provider {mods folder locator at C:\Users\groma\AppData\Roaming\PrismLauncher\instances\1.20-update-cardboard\minecraft\mods}
[31May2024 21:26:35.247] [main/INFO] [net.minecraftforge.fml.loading.moddiscovery.ModDiscoverer/SCAN]: Found mod file "open-parties-and-claims-forge-1.20.1-0.22.2.jar" of type MOD with provider {mods folder locator at C:\Users\groma\AppData\Roaming\PrismLauncher\instances\1.20-update-cardboard\minecraft\mods}
[31May2024 21:26:35.247] [main/INFO] [net.minecraftforge.fml.loading.moddiscovery.ModDiscoverer/SCAN]: Found mod file "Patchouli-1.20.1-84-FORGE.jar" of type MOD with provider {mods folder locator at C:\Users\groma\AppData\Roaming\PrismLauncher\instances\1.20-update-cardboard\minecraft\mods}
[31May2024 21:26:35.247] [main/INFO] [net.minecraftforge.fml.loading.moddiscovery.ModDiscoverer/SCAN]: Found mod file "PuzzlesLib-v8.1.20-1.20.1-Forge.jar" of type MOD with provider {mods folder locator at C:\Users\groma\AppData\Roaming\PrismLauncher\instances\1.20-update-cardboard\minecraft\mods}
[31May2024 21:26:35.247] [main/INFO] [net.minecraftforge.fml.loading.moddiscovery.ModDiscoverer/SCAN]: Found mod file "radium-mc1.20.1-0.12.3+git.50c5c33.jar" of type MOD with provider {mods folder locator at C:\Users\groma\AppData\Roaming\PrismLauncher\instances\1.20-update-cardboard\minecraft\mods}
[31May2024 21:26:35.248] [main/INFO] [net.minecraftforge.fml.loading.moddiscovery.ModDiscoverer/SCAN]: Found mod file "rhino-forge-2001.2.2-build.18.jar" of type MOD with provider {mods folder locator at C:\Users\groma\AppData\Roaming\PrismLauncher\instances\1.20-update-cardboard\minecraft\mods}
[31May2024 21:26:35.248] [main/INFO] [net.minecraftforge.fml.loading.moddiscovery.ModDiscoverer/SCAN]: Found mod file "rubidium-extra-0.5.4.3+mc1.20.1-build.121.jar" of type MOD with provider {mods folder locator at C:\Users\groma\AppData\Roaming\PrismLauncher\instances\1.20-update-cardboard\minecraft\mods}
[31May2024 21:26:35.248] [main/INFO] [net.minecraftforge.fml.loading.moddiscovery.ModDiscoverer/SCAN]: Found mod file "Searchables-forge-1.20.1-1.0.3.jar" of type MOD with provider {mods folder locator at C:\Users\groma\AppData\Roaming\PrismLauncher\instances\1.20-update-cardboard\minecraft\mods}
[31May2024 21:26:35.248] [main/INFO] [net.minecraftforge.fml.loading.moddiscovery.ModDiscoverer/SCAN]: Found mod file "starlight-1.1.2+forge.1cda73c.jar" of type MOD with provider {mods folder locator at C:\Users\groma\AppData\Roaming\PrismLauncher\instances\1.20-update-cardboard\minecraft\mods}
[31May2024 21:26:35.248] [main/INFO] [net.minecraftforge.fml.loading.moddiscovery.ModDiscoverer/SCAN]: Found mod file "TerraFirmaCraft-Forge-1.20.1-3.2.3.jar" of type MOD with provider {mods folder locator at C:\Users\groma\AppData\Roaming\PrismLauncher\instances\1.20-update-cardboard\minecraft\mods}
[31May2024 21:26:35.248] [main/INFO] [net.minecraftforge.fml.loading.moddiscovery.ModDiscoverer/SCAN]: Found mod file "voicechat-forge-1.20.1-2.5.15.jar" of type MOD with provider {mods folder locator at C:\Users\groma\AppData\Roaming\PrismLauncher\instances\1.20-update-cardboard\minecraft\mods}
[31May2024 21:26:35.248] [main/INFO] [net.minecraftforge.fml.loading.moddiscovery.ModDiscoverer/SCAN]: Found mod file "Xaeros_Minimap_FP24.1.1_Forge_1.20.jar" of type MOD with provider {mods folder locator at C:\Users\groma\AppData\Roaming\PrismLauncher\instances\1.20-update-cardboard\minecraft\mods}
[31May2024 21:26:35.249] [main/INFO] [net.minecraftforge.fml.loading.moddiscovery.ModDiscoverer/SCAN]: Found mod file "XaerosWorldMap_1.38.4_Forge_1.20.jar" of type MOD with provider {mods folder locator at C:\Users\groma\AppData\Roaming\PrismLauncher\instances\1.20-update-cardboard\minecraft\mods}
[31May2024 21:26:35.412] [main/WARN] [net.minecraftforge.fml.loading.moddiscovery.ModFileParser/LOADING]: Mod file C:\Users\groma\AppData\Roaming\PrismLauncher\libraries\net\neoforged\fancymodloader\core\47.2.2\core-47.2.2.jar is missing mods.toml file
[31May2024 21:26:35.417] [main/WARN] [net.minecraftforge.fml.loading.moddiscovery.ModFileParser/LOADING]: Mod file C:\Users\groma\AppData\Roaming\PrismLauncher\libraries\net\neoforged\fancymodloader\language-java\47.2.2\language-java-47.2.2.jar is missing mods.toml file
[31May2024 21:26:35.422] [main/WARN] [net.minecraftforge.fml.loading.moddiscovery.ModFileParser/LOADING]: Mod file C:\Users\groma\AppData\Roaming\PrismLauncher\libraries\net\neoforged\fancymodloader\language-lowcode\47.2.2\language-lowcode-47.2.2.jar is missing mods.toml file
[31May2024 21:26:35.428] [main/WARN] [net.minecraftforge.fml.loading.moddiscovery.ModFileParser/LOADING]: Mod file C:\Users\groma\AppData\Roaming\PrismLauncher\libraries\net\neoforged\fancymodloader\language-minecraft\47.2.2\language-minecraft-47.2.2.jar is missing mods.toml file
[31May2024 21:26:35.435] [main/INFO] [net.minecraftforge.fml.loading.moddiscovery.ModDiscoverer/SCAN]: Found mod file "core-47.2.2.jar" of type LIBRARY with provider net.minecraftforge.fml.loading.moddiscovery.MinecraftLocator@6d467c87
[31May2024 21:26:35.436] [main/INFO] [net.minecraftforge.fml.loading.moddiscovery.ModDiscoverer/SCAN]: Found mod file "language-java-47.2.2.jar" of type LANGPROVIDER with provider net.minecraftforge.fml.loading.moddiscovery.MinecraftLocator@6d467c87
[31May2024 21:26:35.436] [main/INFO] [net.minecraftforge.fml.loading.moddiscovery.ModDiscoverer/SCAN]: Found mod file "language-lowcode-47.2.2.jar" of type LANGPROVIDER with provider net.minecraftforge.fml.loading.moddiscovery.MinecraftLocator@6d467c87
[31May2024 21:26:35.436] [main/INFO] [net.minecraftforge.fml.loading.moddiscovery.ModDiscoverer/SCAN]: Found mod file "language-minecraft-47.2.2.jar" of type LANGPROVIDER with provider net.minecraftforge.fml.loading.moddiscovery.MinecraftLocator@6d467c87
[31May2024 21:26:35.436] [main/INFO] [net.minecraftforge.fml.loading.moddiscovery.ModDiscoverer/SCAN]: Found mod file "client-1.20.1-20230612.114412-srg.jar" of type MOD with provider net.minecraftforge.fml.loading.moddiscovery.MinecraftLocator@6d467c87
[31May2024 21:26:35.436] [main/INFO] [net.minecraftforge.fml.loading.moddiscovery.ModDiscoverer/SCAN]: Found mod file "forge-1.20.1-47.1.106-universal.jar" of type MOD with provider net.minecraftforge.fml.loading.moddiscovery.MinecraftLocator@6d467c87
[31May2024 21:26:35.445] [main/INFO] [net.minecraftforge.fml.loading.moddiscovery.ModDiscoverer/SCAN]: Found mod file "events-47.2.2.jar" of type GAMELIBRARY with provider net.minecraftforge.fml.loading.moddiscovery.BuiltinGameLibraryLocator@847f3e7
[31May2024 21:26:35.624] [main/INFO] [net.minecraftforge.fml.loading.moddiscovery.JarInJarDependencyLocator/]: Found 7 dependencies adding them to mods collection
[31May2024 21:26:35.625] [main/INFO] [net.minecraftforge.fml.loading.moddiscovery.ModDiscoverer/SCAN]: Found mod file "NanoLiveConfig-1.2.0.jar" of type GAMELIBRARY with provider net.minecraftforge.fml.loading.moddiscovery.JarInJarDependencyLocator@30cecdca
[31May2024 21:26:35.625] [main/INFO] [net.minecraftforge.fml.loading.moddiscovery.ModDiscoverer/SCAN]: Found mod file "mixinextras-forge-0.3.5.jar" of type GAMELIBRARY with provider net.minecraftforge.fml.loading.moddiscovery.JarInJarDependencyLocator@30cecdca
[31May2024 21:26:35.625] [main/INFO] [net.minecraftforge.fml.loading.moddiscovery.ModDiscoverer/SCAN]: Found mod file "MixinExtras-0.3.5.jar" of type GAMELIBRARY with provider net.minecraftforge.fml.loading.moddiscovery.JarInJarDependencyLocator@30cecdca
[31May2024 21:26:35.625] [main/INFO] [net.minecraftforge.fml.loading.moddiscovery.ModDiscoverer/SCAN]: Found mod file "puzzlesaccessapi-forge-8.0.7.jar" of type MOD with provider net.minecraftforge.fml.loading.moddiscovery.JarInJarDependencyLocator@30cecdca
[31May2024 21:26:35.625] [main/INFO] [net.minecraftforge.fml.loading.moddiscovery.ModDiscoverer/SCAN]: Found mod file "flywheel-forge-1.20.1-0.6.10-7.jar" of type MOD with provider net.minecraftforge.fml.loading.moddiscovery.JarInJarDependencyLocator@30cecdca
[31May2024 21:26:35.625] [main/INFO] [net.minecraftforge.fml.loading.moddiscovery.ModDiscoverer/SCAN]: Found mod file "Registrate-MC1.20-1.3.3.jar" of type GAMELIBRARY with provider net.minecraftforge.fml.loading.moddiscovery.JarInJarDependencyLocator@30cecdca
[31May2024 21:26:35.625] [main/INFO] [net.minecraftforge.fml.loading.moddiscovery.ModDiscoverer/SCAN]: Found mod file "jcpp-1.4.14.jar" of type GAMELIBRARY with provider net.minecraftforge.fml.loading.moddiscovery.JarInJarDependencyLocator@30cecdca
[31May2024 21:26:37.647] [main/INFO] [mixin/]: Compatibility level set to JAVA_17
[31May2024 21:26:37.779] [main/INFO] [mixin/]: Successfully loaded Mixin Connector [ca.spottedleaf.starlight.mixin.MixinConnector]
[31May2024 21:26:37.779] [main/INFO] [cpw.mods.modlauncher.LaunchServiceHandler/MODLAUNCHER]: Launching target 'forgeclient' with arguments [--version, 1.20.1, --gameDir, C:\Users\groma\AppData\Roaming\PrismLauncher\instances\1.20-update-cardboard\minecraft, --assetsDir, C:\Users\groma\AppData\Roaming\PrismLauncher\assets, --uuid, 062943dfc7814cf6b55374f17b29e524, --username, cadito54, --assetIndex, 5, --accessToken, ????????, --userType, msa, --versionType, release, --width, 854, --height, 480]
[31May2024 21:26:37.800] [main/INFO] [Embeddium Extra/]: Loaded configuration file for Sodium Extra: 35 options available, 0 override(s) found
[31May2024 21:26:37.825] [main/INFO] [Radium Config/]: Loaded configuration file for Radium: 125 options available, 1 override(s) found
[31May2024 21:26:37.897] [main/WARN] [EmbeddiumConfig/]: Mod 'tfc' attempted to override option 'mixin.features.fast_biome_colors', which doesn't exist, ignoring
[31May2024 21:26:37.897] [main/INFO] [Embeddium/]: Loaded configuration file for Embeddium: 79 options available, 3 override(s) found
[31May2024 21:26:37.899] [main/INFO] [Embeddium-GraphicsAdapterProbe/]: Searching for graphics cards...
[31May2024 21:26:38.100] [main/INFO] [Embeddium-GraphicsAdapterProbe/]: Found graphics card: GraphicsAdapterInfo[vendor=NVIDIA, name=NVIDIA GeForce RTX 2070 SUPER, version=DriverVersion=31.0.15.5244]
[31May2024 21:26:38.104] [main/WARN] [Embeddium-Workarounds/]: Sodium has applied one or more workarounds to prevent crashes or other issues on your system: [NVIDIA_THREADED_OPTIMIZATIONS]
[31May2024 21:26:38.104] [main/WARN] [Embeddium-Workarounds/]: This is not necessarily an issue, but it may result in certain features or optimizations being disabled. You can sometimes fix these issues by upgrading your graphics driver.
[31May2024 21:26:38.119] [main/INFO] [Puzzles Lib/]: All mods {/C:/Users/groma/AppData/Roaming/PrismLauncher/instances/1.20-update-cardboard/minecraft/mods/TerraFirmaCraft-Forge-1.20.1-3.2.3.jar#210!/=fuzs.puzzleslib.impl.core.ForgeModContainer@6c1f15df, /C:/Users/groma/AppData/Roaming/PrismLauncher/instances/1.20-update-cardboard/minecraft/mods/Controlling-forge-1.20.1-12.0.2.jar#187!/=fuzs.puzzleslib.impl.core.ForgeModContainer@5e95b0ab, /C:/Users/groma/AppData/Roaming/PrismLauncher/instances/1.20-update-cardboard/minecraft/mods/rubidium-extra-0.5.4.3+mc1.20.1-build.121.jar#207_/META-INF/jars/mixinextras-forge-0.3.5.jar#236!/=fuzs.puzzleslib.impl.core.ForgeModContainer@5876bed9, /C:/Users/groma/AppData/Roaming/PrismLauncher/libraries/net/neoforged/forge/1.20.1-47.1.106/forge-1.20.1-47.1.106-universal.jar#219!/=fuzs.puzzleslib.impl.core.ForgeModContainer@73ddb7ef, /C:/Users/groma/AppData/Roaming/PrismLauncher/instances/1.20-update-cardboard/minecraft/mods/ferritecore-6.0.1-forge.jar#193!/=fuzs.puzzleslib.impl.core.ForgeModContainer@67f8f5a6, /C:/Users/groma/AppData/Roaming/PrismLauncher/instances/1.20-update-cardboard/minecraft/mods/Searchables-forge-1.20.1-1.0.3.jar#208!/=fuzs.puzzleslib.impl.core.ForgeModContainer@141b011a, /C:/Users/groma/AppData/Roaming/PrismLauncher/instances/1.20-update-cardboard/minecraft/mods/PuzzlesLib-v8.1.20-1.20.1-Forge.jar#204!/=fuzs.puzzleslib.impl.core.ForgeModContainer@7976e536, /C:/Users/groma/AppData/Roaming/PrismLauncher/instances/1.20-update-cardboard/minecraft/mods/kubejs-create-forge-2001.2.5-build.2.jar#197!/=fuzs.puzzleslib.impl.core.ForgeModContainer@670a4738, /C:/Users/groma/AppData/Roaming/PrismLauncher/instances/1.20-update-cardboard/minecraft/mods/Xaeros_Minimap_FP24.1.1_Forge_1.20.jar#212!/=fuzs.puzzleslib.impl.core.ForgeModContainer@47ffdbba, /C:/Users/groma/AppData/Roaming/PrismLauncher/instances/1.20-update-cardboard/minecraft/mods/MouseTweaks-forge-mc1.20.1-2.25.1.jar#199!/=fuzs.puzzleslib.impl.core.ForgeModContainer@ba0018e, /C:/Users/groma/AppData/Roaming/PrismLauncher/instances/1.20-update-cardboard/minecraft/mods/CreativeCore_FORGE_v2.11.30_mc1.20.1.jar#189!/=fuzs.puzzleslib.impl.core.ForgeModContainer@45311a99, /C:/Users/groma/AppData/Roaming/PrismLauncher/instances/1.20-update-cardboard/minecraft/mods/embeddium-0.3.19+mc1.20.1-all.jar#191!/=fuzs.puzzleslib.impl.core.ForgeModContainer@7037a680, /C:/Users/groma/AppData/Roaming/PrismLauncher/instances/1.20-update-cardboard/minecraft/mods/voicechat-forge-1.20.1-2.5.15.jar#211!/=fuzs.puzzleslib.impl.core.ForgeModContainer@492c8137, /C:/Users/groma/AppData/Roaming/PrismLauncher/instances/1.20-update-cardboard/minecraft/mods/oculus-mc1.20.1-1.7.0.jar#201!/=fuzs.puzzleslib.impl.core.ForgeModContainer@420b55ed, /C:/Users/groma/AppData/Roaming/PrismLauncher/libraries/net/minecraft/client/1.20.1-20230612.114412/client-1.20.1-20230612.114412-srg.jar#214!/=fuzs.puzzleslib.impl.core.ForgeModContainer@f237ae7, /C:/Users/groma/AppData/Roaming/PrismLauncher/instances/1.20-update-cardboard/minecraft/mods/create-1.20.1-0.5.1.f.jar#188_/META-INF/jarjar/flywheel-forge-1.20.1-0.6.10-7.jar#238!/=fuzs.puzzleslib.impl.core.ForgeModContainer@42edde25, /C:/Users/groma/AppData/Roaming/PrismLauncher/instances/1.20-update-cardboard/minecraft/mods/CutThrough-v8.0.2-1.20.1-Forge.jar#190!/=fuzs.puzzleslib.impl.core.ForgeModContainer@6fe5da76, /C:/Users/groma/AppData/Roaming/PrismLauncher/instances/1.20-update-cardboard/minecraft/mods/starlight-1.1.2+forge.1cda73c.jar#209!/=fuzs.puzzleslib.impl.core.ForgeModContainer@77d95e5a, /C:/Users/groma/AppData/Roaming/PrismLauncher/instances/1.20-update-cardboard/minecraft/mods/architectury-9.2.14-forge.jar#185!/=fuzs.puzzleslib.impl.core.ForgeModContainer@6339e604, /C:/Users/groma/AppData/Roaming/PrismLauncher/instances/1.20-update-cardboard/minecraft/mods/Jade-1.20.1-forge-11.9.2.jar#195!/=fuzs.puzzleslib.impl.core.ForgeModContainer@4f8900b0, /C:/Users/groma/AppData/Roaming/PrismLauncher/instances/1.20-update-cardboard/minecraft/mods/XaerosWorldMap_1.38.4_Forge_1.20.jar#213!/=fuzs.puzzleslib.impl.core.ForgeModContainer@e7e455d, /C:/Users/groma/AppData/Roaming/PrismLauncher/instances/1.20-update-cardboard/minecraft/mods/rhino-forge-2001.2.2-build.18.jar#206!/=fuzs.puzzleslib.impl.core.ForgeModContainer@33e8e146, /C:/Users/groma/AppData/Roaming/PrismLauncher/instances/1.20-update-cardboard/minecraft/mods/Fastload-Reforged-mc1.20.1-3.4.0.jar#192!/=fuzs.puzzleslib.impl.core.ForgeModContainer@1f4d38f9, /C:/Users/groma/AppData/Roaming/PrismLauncher/instances/1.20-update-cardboard/minecraft/mods/PuzzlesLib-v8.1.20-1.20.1-Forge.jar#204_/META-INF/jarjar/puzzlesaccessapi-forge-8.0.7.jar#233!/=fuzs.puzzleslib.impl.core.ForgeModContainer@18463720, /C:/Users/groma/AppData/Roaming/PrismLauncher/instances/1.20-update-cardboard/minecraft/mods/configured-forge-1.20.1-2.2.3.jar#186!/=fuzs.puzzleslib.impl.core.ForgeModContainer@64eeddd8, /C:/Users/groma/AppData/Roaming/PrismLauncher/instances/1.20-update-cardboard/minecraft/mods/gravestone-forge-1.20.1-1.0.15.jar#194!/=fuzs.puzzleslib.impl.core.ForgeModContainer@10f8e2d2, /C:/Users/groma/AppData/Roaming/PrismLauncher/instances/1.20-update-cardboard/minecraft/mods/create-1.20.1-0.5.1.f.jar#188!/=fuzs.puzzleslib.impl.core.ForgeModContainer@66048ac4, /C:/Users/groma/AppData/Roaming/PrismLauncher/instances/1.20-update-cardboard/minecraft/mods/Patchouli-1.20.1-84-FORGE.jar#203!/=fuzs.puzzleslib.impl.core.ForgeModContainer@4f525e13, /C:/Users/groma/AppData/Roaming/PrismLauncher/instances/1.20-update-cardboard/minecraft/mods/MyServerIsCompatible-1.20-1.0.jar#200!/=fuzs.puzzleslib.impl.core.ForgeModContainer@5d404a3c, /C:/Users/groma/AppData/Roaming/PrismLauncher/instances/1.20-update-cardboard/minecraft/mods/rubidium-extra-0.5.4.3+mc1.20.1-build.121.jar#207!/=fuzs.puzzleslib.impl.core.ForgeModContainer@af9dd34, /C:/Users/groma/AppData/Roaming/PrismLauncher/instances/1.20-update-cardboard/minecraft/mods/open-parties-and-claims-forge-1.20.1-0.22.2.jar#202!/=fuzs.puzzleslib.impl.core.ForgeModContainer@48692405, /C:/Users/groma/AppData/Roaming/PrismLauncher/instances/1.20-update-cardboard/minecraft/mods/jei-1.20.1-forge-15.3.0.4.jar#196!/=fuzs.puzzleslib.impl.core.ForgeModContainer@151659dd, /C:/Users/groma/AppData/Roaming/PrismLauncher/instances/1.20-update-cardboard/minecraft/mods/kubejs-forge-2001.6.5-build.7.jar#198!/=fuzs.puzzleslib.impl.core.ForgeModContainer@4a58e0e9, /C:/Users/groma/AppData/Roaming/PrismLauncher/instances/1.20-update-cardboard/minecraft/mods/radium-mc1.20.1-0.12.3+git.50c5c33.jar#205!/=fuzs.puzzleslib.impl.core.ForgeModContainer@e8c84eb}
[31May2024 21:26:38.119] [main/INFO] [Puzzles Lib/]: Scheme for tfc: /C:/Users/groma/AppData/Roaming/PrismLauncher/instances/1.20-update-cardboard/minecraft/mods/TerraFirmaCraft-Forge-1.20.1-3.2.3.jar#210!/
[31May2024 21:26:38.119] [main/INFO] [Puzzles Lib/]: Scheme for controlling: /C:/Users/groma/AppData/Roaming/PrismLauncher/instances/1.20-update-cardboard/minecraft/mods/Controlling-forge-1.20.1-12.0.2.jar#187!/
[31May2024 21:26:38.119] [main/INFO] [Puzzles Lib/]: Scheme for mixinextras: /C:/Users/groma/AppData/Roaming/PrismLauncher/instances/1.20-update-cardboard/minecraft/mods/rubidium-extra-0.5.4.3+mc1.20.1-build.121.jar#207!/
[31May2024 21:26:38.119] [main/INFO] [Puzzles Lib/]: Scheme for forge: /C:/Users/groma/AppData/Roaming/PrismLauncher/libraries/net/neoforged/forge/1.20.1-47.1.106/forge-1.20.1-47.1.106-universal.jar#219!/
[31May2024 21:26:38.119] [main/INFO] [Puzzles Lib/]: Scheme for ferritecore: /C:/Users/groma/AppData/Roaming/PrismLauncher/instances/1.20-update-cardboard/minecraft/mods/ferritecore-6.0.1-forge.jar#193!/
[31May2024 21:26:38.119] [main/INFO] [Puzzles Lib/]: Scheme for searchables: /C:/Users/groma/AppData/Roaming/PrismLauncher/instances/1.20-update-cardboard/minecraft/mods/Searchables-forge-1.20.1-1.0.3.jar#208!/
[31May2024 21:26:38.119] [main/INFO] [Puzzles Lib/]: Scheme for puzzleslib: /C:/Users/groma/AppData/Roaming/PrismLauncher/instances/1.20-update-cardboard/minecraft/mods/PuzzlesLib-v8.1.20-1.20.1-Forge.jar#204!/
[31May2024 21:26:38.119] [main/INFO] [Puzzles Lib/]: Scheme for kubejs_create: /C:/Users/groma/AppData/Roaming/PrismLauncher/instances/1.20-update-cardboard/minecraft/mods/kubejs-create-forge-2001.2.5-build.2.jar#197!/
[31May2024 21:26:38.120] [main/INFO] [Puzzles Lib/]: Scheme for xaerominimapfair: /C:/Users/groma/AppData/Roaming/PrismLauncher/instances/1.20-update-cardboard/minecraft/mods/Xaeros_Minimap_FP24.1.1_Forge_1.20.jar#212!/
[31May2024 21:26:38.120] [main/INFO] [Puzzles Lib/]: Scheme for mousetweaks: /C:/Users/groma/AppData/Roaming/PrismLauncher/instances/1.20-update-cardboard/minecraft/mods/MouseTweaks-forge-mc1.20.1-2.25.1.jar#199!/
[31May2024 21:26:38.120] [main/INFO] [Puzzles Lib/]: Scheme for creativecore: /C:/Users/groma/AppData/Roaming/PrismLauncher/instances/1.20-update-cardboard/minecraft/mods/CreativeCore_FORGE_v2.11.30_mc1.20.1.jar#189!/
[31May2024 21:26:38.120] [main/INFO] [Puzzles Lib/]: Scheme for embeddium: /C:/Users/groma/AppData/Roaming/PrismLauncher/instances/1.20-update-cardboard/minecraft/mods/embeddium-0.3.19+mc1.20.1-all.jar#191!/
[31May2024 21:26:38.120] [main/INFO] [Puzzles Lib/]: Scheme for voicechat: /C:/Users/groma/AppData/Roaming/PrismLauncher/instances/1.20-update-cardboard/minecraft/mods/voicechat-forge-1.20.1-2.5.15.jar#211!/
[31May2024 21:26:38.120] [main/INFO] [Puzzles Lib/]: Scheme for oculus: /C:/Users/groma/AppData/Roaming/PrismLauncher/instances/1.20-update-cardboard/minecraft/mods/oculus-mc1.20.1-1.7.0.jar#201!/
[31May2024 21:26:38.120] [main/INFO] [Puzzles Lib/]: Scheme for minecraft: /C:/Users/groma/AppData/Roaming/PrismLauncher/libraries/net/minecraft/client/1.20.1-20230612.114412/client-1.20.1-20230612.114412-srg.jar#214!/
[31May2024 21:26:38.120] [main/INFO] [Puzzles Lib/]: Scheme for flywheel: /C:/Users/groma/AppData/Roaming/PrismLauncher/instances/1.20-update-cardboard/minecraft/mods/create-1.20.1-0.5.1.f.jar#188!/
[31May2024 21:26:38.120] [main/INFO] [Puzzles Lib/]: Scheme for cutthrough: /C:/Users/groma/AppData/Roaming/PrismLauncher/instances/1.20-update-cardboard/minecraft/mods/CutThrough-v8.0.2-1.20.1-Forge.jar#190!/
[31May2024 21:26:38.120] [main/INFO] [Puzzles Lib/]: Scheme for starlight: /C:/Users/groma/AppData/Roaming/PrismLauncher/instances/1.20-update-cardboard/minecraft/mods/starlight-1.1.2+forge.1cda73c.jar#209!/
[31May2024 21:26:38.120] [main/INFO] [Puzzles Lib/]: Scheme for architectury: /C:/Users/groma/AppData/Roaming/PrismLauncher/instances/1.20-update-cardboard/minecraft/mods/architectury-9.2.14-forge.jar#185!/
[31May2024 21:26:38.120] [main/INFO] [Puzzles Lib/]: Scheme for jade: /C:/Users/groma/AppData/Roaming/PrismLauncher/instances/1.20-update-cardboard/minecraft/mods/Jade-1.20.1-forge-11.9.2.jar#195!/
[31May2024 21:26:38.120] [main/INFO] [Puzzles Lib/]: Scheme for xaeroworldmap: /C:/Users/groma/AppData/Roaming/PrismLauncher/instances/1.20-update-cardboard/minecraft/mods/XaerosWorldMap_1.38.4_Forge_1.20.jar#213!/
[31May2024 21:26:38.120] [main/INFO] [Puzzles Lib/]: Scheme for rhino: /C:/Users/groma/AppData/Roaming/PrismLauncher/instances/1.20-update-cardboard/minecraft/mods/rhino-forge-2001.2.2-build.18.jar#206!/
[31May2024 21:26:38.120] [main/INFO] [Puzzles Lib/]: Scheme for fastload: /C:/Users/groma/AppData/Roaming/PrismLauncher/instances/1.20-update-cardboard/minecraft/mods/Fastload-Reforged-mc1.20.1-3.4.0.jar#192!/
[31May2024 21:26:38.121] [main/INFO] [Puzzles Lib/]: Scheme for puzzlesaccessapi: /C:/Users/groma/AppData/Roaming/PrismLauncher/instances/1.20-update-cardboard/minecraft/mods/PuzzlesLib-v8.1.20-1.20.1-Forge.jar#204!/
[31May2024 21:26:38.121] [main/INFO] [Puzzles Lib/]: Scheme for configured: /C:/Users/groma/AppData/Roaming/PrismLauncher/instances/1.20-update-cardboard/minecraft/mods/configured-forge-1.20.1-2.2.3.jar#186!/
[31May2024 21:26:38.121] [main/INFO] [Puzzles Lib/]: Scheme for gravestone: /C:/Users/groma/AppData/Roaming/PrismLauncher/instances/1.20-update-cardboard/minecraft/mods/gravestone-forge-1.20.1-1.0.15.jar#194!/
[31May2024 21:26:38.121] [main/INFO] [Puzzles Lib/]: Scheme for create: /C:/Users/groma/AppData/Roaming/PrismLauncher/instances/1.20-update-cardboard/minecraft/mods/create-1.20.1-0.5.1.f.jar#188!/
[31May2024 21:26:38.121] [main/INFO] [Puzzles Lib/]: Scheme for patchouli: /C:/Users/groma/AppData/Roaming/PrismLauncher/instances/1.20-update-cardboard/minecraft/mods/Patchouli-1.20.1-84-FORGE.jar#203!/
[31May2024 21:26:38.121] [main/INFO] [Puzzles Lib/]: Scheme for myserveriscompatible: /C:/Users/groma/AppData/Roaming/PrismLauncher/instances/1.20-update-cardboard/minecraft/mods/MyServerIsCompatible-1.20-1.0.jar#200!/
[31May2024 21:26:38.121] [main/INFO] [Puzzles Lib/]: Scheme for embeddium_extra: /C:/Users/groma/AppData/Roaming/PrismLauncher/instances/1.20-update-cardboard/minecraft/mods/rubidium-extra-0.5.4.3+mc1.20.1-build.121.jar#207!/
[31May2024 21:26:38.121] [main/INFO] [Puzzles Lib/]: Scheme for openpartiesandclaims: /C:/Users/groma/AppData/Roaming/PrismLauncher/instances/1.20-update-cardboard/minecraft/mods/open-parties-and-claims-forge-1.20.1-0.22.2.jar#202!/
[31May2024 21:26:38.121] [main/INFO] [Puzzles Lib/]: Scheme for jei: /C:/Users/groma/AppData/Roaming/PrismLauncher/instances/1.20-update-cardboard/minecraft/mods/jei-1.20.1-forge-15.3.0.4.jar#196!/
[31May2024 21:26:38.121] [main/INFO] [Puzzles Lib/]: Scheme for kubejs: /C:/Users/groma/AppData/Roaming/PrismLauncher/instances/1.20-update-cardboard/minecraft/mods/kubejs-forge-2001.6.5-build.7.jar#198!/
[31May2024 21:26:38.121] [main/INFO] [Puzzles Lib/]: Scheme for radium: /C:/Users/groma/AppData/Roaming/PrismLauncher/instances/1.20-update-cardboard/minecraft/mods/radium-mc1.20.1-0.12.3+git.50c5c33.jar#205!/
[31May2024 21:26:38.124] [main/INFO] [Puzzles Lib/]: Loading 34 mods:
	- architectury 9.2.14
	- configured 2.2.3
	- controlling 12.0.2
	- create 0.5.1.f
		\-- flywheel 0.6.10-7
	- creativecore 2.11.30
	- cutthrough 8.0.2
	- embeddium 0.3.19+mc1.20.1
		\-- rubidium 0.7.1
	- embeddium_extra 0.5.4.3+mc1.20.1-build.121
		\-- mixinextras 0.3.5
	- fastload 3.4.0
	- ferritecore 6.0.1
	- forge 47.1.106
	- gravestone 1.20.1-1.0.15
	- jade 11.9.2+forge
	- jei 15.3.0.4
	- kubejs 2001.6.5-build.7
	- kubejs_create 2001.2.5-build.2
	- minecraft 1.20.1
	- mousetweaks 2.25.1
	- myserveriscompatible 1.0
	- oculus 1.7.0
	- openpartiesandclaims 0.22.2
	- patchouli 1.20.1-84-FORGE
	- puzzleslib 8.1.20
		\-- puzzlesaccessapi 8.0.7
	- radium 0.12.3+git.50c5c33
	- rhino 2001.2.2-build.18
	- searchables 1.0.3
	- starlight 1.1.2+forge.1cda73c
	- tfc 3.2.3
	- voicechat 1.20.1-2.5.15
	- xaerominimapfair 24.1.1
	- xaeroworldmap 1.38.4
[31May2024 21:26:38.856] [main/WARN] [Radium Config/]: Force-disabling mixin 'alloc.blockstate.StateMixin' as option 'mixin.alloc.blockstate' (added by mods [ferritecore]) disables it and children
[31May2024 21:26:39.568] [main/WARN] [mixin/]: Error loading class: mezz/modnametooltip/TooltipEventHandler (java.lang.ClassNotFoundException: mezz.modnametooltip.TooltipEventHandler)
[31May2024 21:26:39.569] [main/WARN] [mixin/]: Error loading class: me/shedaniel/rei/impl/client/ClientHelperImpl (java.lang.ClassNotFoundException: me.shedaniel.rei.impl.client.ClientHelperImpl)
[31May2024 21:26:39.905] [main/WARN] [Embeddium/]: Force-disabling mixin 'features.render.world.sky.WorldRendererMixin' as rule 'mixin.features.render.world.sky' (added by mods [tfc, oculus]) disables it and children
[31May2024 21:26:39.905] [main/WARN] [Embeddium/]: Force-disabling mixin 'features.render.world.sky.ClientWorldMixin' as rule 'mixin.features.render.world.sky' (added by mods [tfc, oculus]) disables it and children
[31May2024 21:26:39.905] [main/WARN] [Embeddium/]: Force-disabling mixin 'features.render.world.sky.BackgroundRendererMixin' as rule 'mixin.features.render.world.sky' (added by mods [tfc, oculus]) disables it and children
[31May2024 21:26:39.907] [main/WARN] [Embeddium/]: Force-disabling mixin 'features.render.gui.font.GlyphRendererMixin' as rule 'mixin.features.render.gui.font' (added by mods [oculus]) disables it and children
[31May2024 21:26:39.907] [main/WARN] [Embeddium/]: Force-disabling mixin 'features.render.gui.font.FontSetMixin' as rule 'mixin.features.render.gui.font' (added by mods [oculus]) disables it and children
[31May2024 21:26:39.908] [main/WARN] [Embeddium/]: Force-disabling mixin 'features.render.entity.shadows.EntityRenderDispatcherMixin' as rule 'mixin.features.render.entity' (added by mods [oculus]) disables it and children
[31May2024 21:26:39.908] [main/WARN] [Embeddium/]: Force-disabling mixin 'features.render.entity.fast_render.ModelPartMixin' as rule 'mixin.features.render.entity' (added by mods [oculus]) disables it and children
[31May2024 21:26:39.908] [main/WARN] [Embeddium/]: Force-disabling mixin 'features.render.entity.fast_render.CuboidMixin' as rule 'mixin.features.render.entity' (added by mods [oculus]) disables it and children
[31May2024 21:26:39.908] [main/WARN] [Embeddium/]: Force-disabling mixin 'features.render.entity.cull.EntityRendererMixin' as rule 'mixin.features.render.entity' (added by mods [oculus]) disables it and children
[31May2024 21:26:39.970] [main/INFO] [MixinExtras|Service/]: Initializing MixinExtras via com.llamalad7.mixinextras.service.MixinExtrasServiceImpl(version=0.3.5).
[31May2024 21:26:40.665] [main/WARN] [oshi.driver.windows.perfmon.PerfmonDisabled/]: Invalid registry value type detected for PerfOS counters. Should be REG_DWORD. Ignoring: HKEY_LOCAL_MACHINE\SYSTEM\CurrentControlSet\Services\PerfOS\Performance\Disable Performance Counters.
[31May2024 21:26:43.948] [Datafixer Bootstrap/INFO] [com.mojang.datafixers.DataFixerBuilder/]: 188 Datafixer optimizations took 162 milliseconds
